08:42:24.767 ERROR Egg 
08:42:24.767 ERROR InvalidPositionError 
08:42:24.767 ERROR Egg 
08:42:24.767 ERROR InvalidPositionError 
19:24:21.769 WARN  Malformed command packet. Kicking. 1 warning. 
19:31:47.589 ERROR Egg 
19:31:47.589 ERROR InvalidPositionError 
19:31:54.378 ERROR Unknown Entity Egg 
19:31:54.378 ERROR InvalidPositionError 
19:31:54.378 ERROR Unknown Entity Egg 
19:31:54.378 ERROR InvalidPositionError 
19:31:54.378 ERROR Unknown Entity Egg 
19:31:54.378 ERROR InvalidPositionError 
19:31:54.378 ERROR Unknown Entity Egg 
19:31:54.378 ERROR InvalidPositionError 
19:31:54.378 ERROR Unknown Entity Egg 
19:31:54.378 ERROR InvalidPositionError 
19:31:54.378 ERROR Unknown Entity Egg 
19:31:54.378 ERROR InvalidPositionError 
19:31:54.378 ERROR Unknown Entity Egg 
19:31:54.378 ERROR InvalidPositionError 
19:31:54.378 ERROR Unknown Entity Egg 
19:31:54.378 ERROR InvalidPositionError 
19:31:54.378 ERROR Unknown Entity Egg 
19:31:54.378 ERROR InvalidPositionError 
19:31:54.378 ERROR Unknown Entity Egg 
19:31:54.378 ERROR InvalidPositionError 
19:31:54.378 ERROR Unknown Entity Egg 
19:31:54.378 ERROR InvalidPositionError 
19:31:54.379 ERROR Unknown Entity Egg 
19:31:54.379 ERROR InvalidPositionError 
19:31:54.379 ERROR Unknown Entity Egg 
19:31:54.379 ERROR InvalidPositionError 
19:31:54.379 ERROR Unknown Entity Egg 
19:31:54.379 ERROR InvalidPositionError 
19:31:54.379 ERROR Unknown Entity Egg 
19:31:54.379 ERROR InvalidPositionError 
19:31:54.379 ERROR Unknown Entity Egg 
19:31:54.379 ERROR InvalidPositionError 
19:31:54.379 ERROR Unknown Entity Egg 
19:31:54.379 ERROR InvalidPositionError 
19:31:54.379 ERROR Unknown Entity Egg 
19:31:54.379 ERROR InvalidPositionError 
19:31:54.379 ERROR Unknown Entity Egg 
19:31:54.379 ERROR InvalidPositionError 
19:31:54.379 ERROR Unknown Entity Egg 
19:31:54.379 ERROR InvalidPositionError 
19:31:54.379 ERROR Egg 
19:31:54.379 ERROR InvalidPositionError 
19:31:54.836 ERROR Egg 
19:31:54.836 ERROR InvalidPositionError 
19:31:57.145 ERROR Egg 
19:31:57.145 ERROR InvalidPositionError 
19:31:57.145 ERROR Egg 
19:31:57.145 ERROR InvalidPositionError 
19:31:57.145 ERROR Egg 
19:31:57.145 ERROR InvalidPositionError 
19:31:58.238 ERROR Egg 
19:31:58.238 ERROR InvalidPositionError 
19:31:59.326 ERROR Egg 
19:31:59.326 ERROR InvalidPositionError 
19:32:00.464 ERROR Egg 
19:32:00.464 ERROR InvalidPositionError 
19:32:08.764 ERROR Unknown Entity Egg 
19:32:08.764 ERROR InvalidPositionError 
19:32:08.765 ERROR Unknown Entity Egg 
19:32:08.765 ERROR InvalidPositionError 
19:32:08.765 ERROR Unknown Entity Egg 
19:32:08.765 ERROR InvalidPositionError 
19:32:08.765 ERROR Unknown Entity Egg 
19:32:08.765 ERROR InvalidPositionError 
19:32:08.765 ERROR Unknown Entity Egg 
19:32:08.765 ERROR InvalidPositionError 
19:32:08.765 ERROR Unknown Entity Egg 
19:32:08.765 ERROR InvalidPositionError 
19:32:08.765 ERROR Unknown Entity Egg 
19:32:08.765 ERROR InvalidPositionError 
19:32:08.765 ERROR Unknown Entity Egg 
19:32:08.765 ERROR InvalidPositionError 
19:32:08.765 ERROR Unknown Entity Egg 
19:32:08.765 ERROR InvalidPositionError 
19:32:08.765 ERROR Unknown Entity Egg 
19:32:08.765 ERROR InvalidPositionError 
19:32:15.968 ERROR Unknown Entity Egg 
19:32:15.968 ERROR InvalidPositionError 
19:32:15.968 ERROR Unknown Entity Egg 
19:32:15.968 ERROR InvalidPositionError 
19:32:15.968 ERROR Unknown Entity Egg 
19:32:15.968 ERROR InvalidPositionError 
19:32:15.968 ERROR Unknown Entity Egg 
19:32:15.968 ERROR InvalidPositionError 
19:32:15.968 ERROR Unknown Entity Egg 
19:32:15.968 ERROR InvalidPositionError 
19:32:15.968 ERROR Unknown Entity Egg 
19:32:15.968 ERROR InvalidPositionError 
19:32:15.968 ERROR Unknown Entity Egg 
19:32:15.968 ERROR InvalidPositionError 
19:32:15.968 ERROR Unknown Entity Egg 
19:32:15.968 ERROR InvalidPositionError 
19:32:15.968 ERROR Unknown Entity Egg 
19:32:15.968 ERROR InvalidPositionError 
19:32:15.968 ERROR Unknown Entity Egg 
19:32:15.968 ERROR InvalidPositionError 
19:32:22.954 ERROR Egg 
19:32:22.954 ERROR InvalidPositionError 
19:32:22.954 ERROR Egg 
19:32:22.954 ERROR InvalidPositionError 
19:32:24.637 ERROR Unknown Entity Egg 
19:32:24.637 ERROR InvalidPositionError 
19:32:24.637 ERROR Unknown Entity Egg 
19:32:24.637 ERROR InvalidPositionError 
19:32:24.637 ERROR Unknown Entity Egg 
19:32:24.638 ERROR InvalidPositionError 
19:32:24.638 ERROR Unknown Entity Egg 
19:32:24.638 ERROR InvalidPositionError 
19:32:24.638 ERROR Unknown Entity Egg 
19:32:24.638 ERROR InvalidPositionError 
19:32:24.638 ERROR Unknown Entity Egg 
19:32:24.638 ERROR InvalidPositionError 
19:32:24.638 ERROR Unknown Entity Egg 
19:32:24.638 ERROR InvalidPositionError 
19:32:24.638 ERROR Unknown Entity Egg 
19:32:24.638 ERROR InvalidPositionError 
19:32:24.638 ERROR Unknown Entity Egg 
19:32:24.638 ERROR InvalidPositionError 
19:32:24.638 ERROR Unknown Entity Egg 
19:32:24.638 ERROR InvalidPositionError 
19:32:29.697 ERROR Egg 
19:32:29.697 ERROR InvalidPositionError 
19:32:32.411 ERROR Egg 
19:32:32.411 ERROR InvalidPositionError 
19:32:34.453 ERROR Egg 
19:32:34.453 ERROR InvalidPositionError 
19:32:42.035 ERROR Egg 
19:32:42.035 ERROR InvalidPositionError 
19:32:47.179 ERROR Egg 
19:32:47.179 ERROR InvalidPositionError 
19:32:47.633 ERROR Egg 
19:32:47.633 ERROR InvalidPositionError 
19:32:52.180 ERROR Egg 
19:32:52.180 ERROR InvalidPositionError 
20:59:32.253 WARN  Chat spam: repeat Kicking. 1 warning. 
